<?xml version="1.0" encoding="UTF-8"?>
<!-- Generated by org.testng.reporters.JUnitXMLReporter -->
<testsuite hostname="ARC3" name="Default test" tests="17" failures="0" timestamp="16 Jul 2016 22:37:09 GMT" time="844.817" errors="0">
  <testcase name="animatedFilm" time="12.123" classname="automationFramework.TestNG"/>
  <testcase name="button" time="2.731" classname="automationFramework.TestNG"/>
  <testcase name="castCrew" time="1.802" classname="automationFramework.TestNG"/>
  <testcase name="clickLogo" time="6.811" classname="automationFramework.TestNG"/>
  <testcase name="featured" time="74.911" classname="automationFramework.TestNG"/>
  <testcase name="festivals" time="2.745" classname="automationFramework.TestNG"/>
  <testcase name="genres" time="11.466" classname="automationFramework.TestNG"/>
  <testcase name="genresNeg" time="23.205" classname="automationFramework.TestNG"/>
  <testcase name="joinUs" time="64.388" classname="automationFramework.TestNG"/>
  <testcase name="loginPage" time="3.544" classname="automationFramework.TestNG"/>
  <testcase name="main" time="0.301" classname="automationFramework.TestNG"/>
  <testcase name="newReleases" time="9.192" classname="automationFramework.TestNG"/>
  <testcase name="playButton" time="0.737" classname="automationFramework.TestNG"/>
  <testcase name="readMore" time="8.229" classname="automationFramework.TestNG"/>
  <testcase name="related" time="21.381" classname="automationFramework.TestNG"/>
  <testcase name="signupPage" time="4.248" classname="automationFramework.TestNG"/>
  <testcase name="trailerButton" time="1.373" classname="automationFramework.TestNG"/>
</testsuite> <!-- Default test -->
